Release 14.7 - xst P.20131013 (lin)
Copyright (c) 1995-2013 Xilinx, Inc.  All rights reserved.
--> 
Parameter TMPDIR set to xst/projnav.tmp


Total REAL time to Xst completion: 0.00 secs
Total CPU time to Xst completion: 0.05 secs
 
--> 
Parameter xsthdpdir set to xst


Total REAL time to Xst completion: 0.00 secs
Total CPU time to Xst completion: 0.05 secs
 
--> 
Reading design: looplicht.prj

TABLE OF CONTENTS
  1) Synthesis Options Summary
  2) HDL Compilation
  3) Design Hierarchy Analysis
  4) HDL Analysis
  5) HDL Synthesis
     5.1) HDL Synthesis Report
  6) Advanced HDL Synthesis
     6.1) Advanced HDL Synthesis Report
  7) Low Level Synthesis
  8) Partition Report
  9) Final Report
	9.1) Device utilization summary
	9.2) Partition Resource Summary
	9.3) TIMING REPORT


=========================================================================
*                      Synthesis Options Summary                        *
=========================================================================
---- Source Parameters
Input File Name                    : "looplicht.prj"
Input Format                       : mixed
Ignore Synthesis Constraint File   : NO

---- Target Parameters
Output File Name                   : "looplicht"
Output Format                      : NGC
Target Device                      : xc3s700a-4-fg484

---- Source Options
Top Module Name                    : looplicht
Automatic FSM Extraction           : YES
FSM Encoding Algorithm             : Auto
Safe Implementation                : No
FSM Style                          : LUT
RAM Extraction                     : Yes
RAM Style                          : Auto
ROM Extraction                     : Yes
Mux Style                          : Auto
Decoder Extraction                 : YES
Priority Encoder Extraction        : Yes
Shift Register Extraction          : YES
Logical Shifter Extraction         : YES
XOR Collapsing                     : YES
ROM Style                          : Auto
Mux Extraction                     : Yes
Resource Sharing                   : YES
Asynchronous To Synchronous        : NO
Multiplier Style                   : Auto
Automatic Register Balancing       : No

---- Target Options
Add IO Buffers                     : YES
Global Maximum Fanout              : 100000
Add Generic Clock Buffer(BUFG)     : 24
Register Duplication               : YES
Slice Packing                      : YES
Optimize Instantiated Primitives   : NO
Use Clock Enable                   : Yes
Use Synchronous Set                : Yes
Use Synchronous Reset              : Yes
Pack IO Registers into IOBs        : Auto
Equivalent register Removal        : YES

---- General Options
Optimization Goal                  : Speed
Optimization Effort                : 1
Keep Hierarchy                     : No
Netlist Hierarchy                  : As_Optimized
RTL Output                         : Yes
Global Optimization                : AllClockNets
Read Cores                         : YES
Write Timing Constraints           : NO
Cross Clock Analysis               : NO
Hierarchy Separator                : /
Bus Delimiter                      : <>
Case Specifier                     : Maintain
Slice Utilization Ratio            : 100
BRAM Utilization Ratio             : 100
Verilog 2001                       : YES
Auto BRAM Packing                  : NO
Slice Utilization Ratio Delta      : 5

=========================================================================


=========================================================================
*                          HDL Compilation                              *
=========================================================================
Compiling vhdl file "/home/student/looplicht/looplicht.vhd" in Library work.
Architecture behavioral of Entity looplicht is up to date.

=========================================================================
*                     Design Hierarchy Analysis                         *
=========================================================================
Analyzing hierarchy for entity <looplicht> in library <work> (architecture <behavioral>).


=========================================================================
*                            HDL Analysis                               *
=========================================================================
Analyzing Entity <looplicht> in library <work> (Architecture <behavioral>).
Entity <looplicht> analyzed. Unit <looplicht> generated.


=========================================================================
*                           HDL Synthesis                               *
=========================================================================

Performing bidirectional port resolution...

Synthesizing Unit <looplicht>.
    Related source file is "/home/student/looplicht/looplicht.vhd".
WARNING:Xst:647 - Input <DIR> is never used. This port will be preserved and left unconnected if it belongs to a top-level block or it belongs to a sub-block and the hierarchy of this sub-block is preserved.
WARNING:Xst:647 - Input <SPEED> is never used. This port will be preserved and left unconnected if it belongs to a top-level block or it belongs to a sub-block and the hierarchy of this sub-block is preserved.
WARNING:Xst:647 - Input <INVERT> is never used. This port will be preserved and left unconnected if it belongs to a top-level block or it belongs to a sub-block and the hierarchy of this sub-block is preserved.
    Found 1-bit register for signal <myclk>.
    Found 32-bit adder for signal <myclk$add0000> created at line 51.
    Found 8-bit register for signal <shift>.
    Found 32-bit up counter for signal <x>.
    Summary:
	inferred   1 Counter(s).
	inferred   9 D-type flip-flop(s).
	inferred   1 Adder/Subtractor(s).
Unit <looplicht> synthesized.


=========================================================================
HDL Synthesis Report

Macro Statistics
# Adders/Subtractors                                   : 1
 32-bit adder                                          : 1
# Counters                                             : 1
 32-bit up counter                                     : 1
# Registers                                            : 2
 1-bit register                                        : 1
 8-bit register                                        : 1

=========================================================================

=========================================================================
*                       Advanced HDL Synthesis                          *
=========================================================================


=========================================================================
Advanced HDL Synthesis Report

Macro Statistics
# Adders/Subtractors                                   : 1
 32-bit adder                                          : 1
# Counters                                             : 1
 32-bit up counter                                     : 1
# Registers                                            : 9
 Flip-Flops                                            : 9

=========================================================================

=========================================================================
*                         Low Level Synthesis                           *
=========================================================================

Optimizing unit <looplicht> ...

Mapping all equations...
Building and optimizing final netlist ...
Found area constraint ratio of 100 (+ 5) on block looplicht, actual ratio is 0.

Final Macro Processing ...

=========================================================================
Final Register Report

Macro Statistics
# Registers                                            : 41
 Flip-Flops                                            : 41

=========================================================================

=========================================================================
*                           Partition Report                            *
=========================================================================

Partition Implementation Status
-------------------------------

  No Partitions were found in this design.

-------------------------------

=========================================================================
*                            Final Report                               *
=========================================================================
Final Results
RTL Top Level Output File Name     : looplicht.ngr
Top Level Output File Name         : looplicht
Output Format                      : NGC
Optimization Goal                  : Speed
Keep Hierarchy                     : No

Design Statistics
# IOs                              : 13

Cell Usage :
# BELS                             : 210
#      GND                         : 1
#      INV                         : 3
#      LUT1                        : 62
#      LUT2                        : 1
#      LUT4                        : 8
#      MUXCY                       : 70
#      VCC                         : 1
#      XORCY                       : 64
# FlipFlops/Latches                : 41
#      FD                          : 8
#      FDE                         : 1
#      FDR                         : 32
# Clock Buffers                    : 1
#      BUFGP                       : 1
# IO Buffers                       : 9
#      IBUF                        : 1
#      OBUF                        : 8
=========================================================================

Device utilization summary:
---------------------------

Selected Device : 3s700afg484-4 

 Number of Slices:                       53  out of   5888     0%  
 Number of Slice Flip Flops:             41  out of  11776     0%  
 Number of 4 input LUTs:                 74  out of  11776     0%  
 Number of IOs:                          13
 Number of bonded IOBs:                  10  out of    372     2%  
 Number of GCLKs:                         1  out of     24     4%  

---------------------------
Partition Resource Summary:
---------------------------

  No Partitions were found in this design.

---------------------------


=========================================================================
TIMING REPORT

NOTE: THESE TIMING NUMBERS ARE ONLY A SYNTHESIS ESTIMATE.
      FOR ACCURATE TIMING INFORMATION PLEASE REFER TO THE TRACE REPORT
      GENERATED AFTER PLACE-and-ROUTE.

Clock Information:
------------------
-----------------------------------+------------------------+-------+
Clock Signal                       | Clock buffer(FF name)  | Load  |
-----------------------------------+------------------------+-------+
CLK                                | BUFGP                  | 33    |
myclk                              | NONE(shift_0)          | 8     |
-----------------------------------+------------------------+-------+
INFO:Xst:2169 - HDL ADVISOR - Some clock signals were not automatically buffered by XST with BUFG/BUFR resources. Please use the buffer_type constraint in order to insert these buffers to the clock signals to help prevent skew problems.

Asynchronous Control Signals Information:
----------------------------------------
No asynchronous control signals found in this design

Timing Summary:
---------------
Speed Grade: -4

   Minimum period: 9.687ns (Maximum Frequency: 103.236MHz)
   Minimum input arrival time before clock: 2.792ns
   Maximum output required time after clock: 5.558ns
   Maximum combinational path delay: No path found

Timing Detail:
--------------
All values displayed in nanoseconds (ns)

=========================================================================
Timing constraint: Default period analysis for Clock 'CLK'
  Clock period: 9.687ns (frequency: 103.236MHz)
  Total number of paths / destination ports: 17953 / 66
-------------------------------------------------------------------------
Delay:               9.687ns (Levels of Logic = 35)
  Source:            x_1 (FF)
  Destination:       myclk (FF)
  Source Clock:      CLK rising
  Destination Clock: CLK rising

  Data Path: x_1 to myclk
                                Gate     Net
    Cell:in->out      fanout   Delay   Delay  Logical Name (Net Name)
    ----------------------------------------  ------------
     FDR:C->Q              2   0.591   0.590  x_1 (x_1)
     LUT1:I0->O            1   0.648   0.000  Madd_myclk_add0000_cy<1>_rt (Madd_myclk_add0000_cy<1>_rt)
     MUXCY:S->O            1   0.632   0.000  Madd_myclk_add0000_cy<1> (Madd_myclk_add0000_cy<1>)
     MUXCY:CI->O           1   0.065   0.000  Madd_myclk_add0000_cy<2> (Madd_myclk_add0000_cy<2>)
     MUXCY:CI->O           1   0.065   0.000  Madd_myclk_add0000_cy<3> (Madd_myclk_add0000_cy<3>)
     MUXCY:CI->O           1   0.065   0.000  Madd_myclk_add0000_cy<4> (Madd_myclk_add0000_cy<4>)
     MUXCY:CI->O           1   0.065   0.000  Madd_myclk_add0000_cy<5> (Madd_myclk_add0000_cy<5>)
     MUXCY:CI->O           1   0.065   0.000  Madd_myclk_add0000_cy<6> (Madd_myclk_add0000_cy<6>)
     MUXCY:CI->O           1   0.065   0.000  Madd_myclk_add0000_cy<7> (Madd_myclk_add0000_cy<7>)
     MUXCY:CI->O           1   0.065   0.000  Madd_myclk_add0000_cy<8> (Madd_myclk_add0000_cy<8>)
     MUXCY:CI->O           1   0.065   0.000  Madd_myclk_add0000_cy<9> (Madd_myclk_add0000_cy<9>)
     MUXCY:CI->O           1   0.065   0.000  Madd_myclk_add0000_cy<10> (Madd_myclk_add0000_cy<10>)
     MUXCY:CI->O           1   0.065   0.000  Madd_myclk_add0000_cy<11> (Madd_myclk_add0000_cy<11>)
     MUXCY:CI->O           1   0.065   0.000  Madd_myclk_add0000_cy<12> (Madd_myclk_add0000_cy<12>)
     MUXCY:CI->O           1   0.065   0.000  Madd_myclk_add0000_cy<13> (Madd_myclk_add0000_cy<13>)
     MUXCY:CI->O           1   0.065   0.000  Madd_myclk_add0000_cy<14> (Madd_myclk_add0000_cy<14>)
     MUXCY:CI->O           1   0.065   0.000  Madd_myclk_add0000_cy<15> (Madd_myclk_add0000_cy<15>)
     MUXCY:CI->O           1   0.065   0.000  Madd_myclk_add0000_cy<16> (Madd_myclk_add0000_cy<16>)
     MUXCY:CI->O           1   0.065   0.000  Madd_myclk_add0000_cy<17> (Madd_myclk_add0000_cy<17>)
     MUXCY:CI->O           1   0.065   0.000  Madd_myclk_add0000_cy<18> (Madd_myclk_add0000_cy<18>)
     MUXCY:CI->O           1   0.065   0.000  Madd_myclk_add0000_cy<19> (Madd_myclk_add0000_cy<19>)
     MUXCY:CI->O           1   0.065   0.000  Madd_myclk_add0000_cy<20> (Madd_myclk_add0000_cy<20>)
     MUXCY:CI->O           1   0.065   0.000  Madd_myclk_add0000_cy<21> (Madd_myclk_add0000_cy<21>)
     MUXCY:CI->O           1   0.065   0.000  Madd_myclk_add0000_cy<22> (Madd_myclk_add0000_cy<22>)
     MUXCY:CI->O           1   0.065   0.000  Madd_myclk_add0000_cy<23> (Madd_myclk_add0000_cy<23>)
     MUXCY:CI->O           1   0.065   0.000  Madd_myclk_add0000_cy<24> (Madd_myclk_add0000_cy<24>)
     MUXCY:CI->O           1   0.065   0.000  Madd_myclk_add0000_cy<25> (Madd_myclk_add0000_cy<25>)
     MUXCY:CI->O           1   0.065   0.000  Madd_myclk_add0000_cy<26> (Madd_myclk_add0000_cy<26>)
     MUXCY:CI->O           1   0.065   0.000  Madd_myclk_add0000_cy<27> (Madd_myclk_add0000_cy<27>)
     MUXCY:CI->O           1   0.065   0.000  Madd_myclk_add0000_cy<28> (Madd_myclk_add0000_cy<28>)
     MUXCY:CI->O           1   0.065   0.000  Madd_myclk_add0000_cy<29> (Madd_myclk_add0000_cy<29>)
     MUXCY:CI->O           0   0.065   0.000  Madd_myclk_add0000_cy<30> (Madd_myclk_add0000_cy<30>)
     XORCY:CI->O           1   0.844   0.423  Madd_myclk_add0000_xor<31> (myclk_add0000<31>)
     LUT4:I3->O            1   0.648   0.000  x_cmp_eq0000_wg_lut<7> (x_cmp_eq0000_wg_lut<7>)
     MUXCY:S->O           33   0.708   1.343  x_cmp_eq0000_wg_cy<7> (x_cmp_eq0000)
     LUT2:I1->O            1   0.643   0.420  myclk_not00021 (myclk_not0002)
     FDE:CE                    0.312          myclk
    ----------------------------------------
    Total                      9.687ns (6.911ns logic, 2.776ns route)
                                       (71.3% logic, 28.7% route)

=========================================================================
Timing constraint: Default period analysis for Clock 'myclk'
  Clock period: 1.290ns (frequency: 775.194MHz)
  Total number of paths / destination ports: 8 / 8
-------------------------------------------------------------------------
Delay:               1.290ns (Levels of Logic = 0)
  Source:            shift_7 (FF)
  Destination:       shift_0 (FF)
  Source Clock:      myclk rising
  Destination Clock: myclk rising

  Data Path: shift_7 to shift_0
                                Gate     Net
    Cell:in->out      fanout   Delay   Delay  Logical Name (Net Name)
    ----------------------------------------  ------------
     FD:C->Q               2   0.591   0.447  shift_7 (shift_7)
     FD:D                      0.252          shift_0
    ----------------------------------------
    Total                      1.290ns (0.843ns logic, 0.447ns route)
                                       (65.3% logic, 34.7% route)

=========================================================================
Timing constraint: Default OFFSET IN BEFORE for Clock 'CLK'
  Total number of paths / destination ports: 1 / 1
-------------------------------------------------------------------------
Offset:              2.792ns (Levels of Logic = 2)
  Source:            EN (PAD)
  Destination:       myclk (FF)
  Destination Clock: CLK rising

  Data Path: EN to myclk
                                Gate     Net
    Cell:in->out      fanout   Delay   Delay  Logical Name (Net Name)
    ----------------------------------------  ------------
     IBUF:I->O             1   0.849   0.563  EN_IBUF (EN_IBUF)
     LUT2:I0->O            1   0.648   0.420  myclk_not00021 (myclk_not0002)
     FDE:CE                    0.312          myclk
    ----------------------------------------
    Total                      2.792ns (1.809ns logic, 0.983ns route)
                                       (64.8% logic, 35.2% route)

=========================================================================
Timing constraint: Default OFFSET OUT AFTER for Clock 'myclk'
  Total number of paths / destination ports: 8 / 8
-------------------------------------------------------------------------
Offset:              5.558ns (Levels of Logic = 1)
  Source:            shift_7 (FF)
  Destination:       LED<7> (PAD)
  Source Clock:      myclk rising

  Data Path: shift_7 to LED<7>
                                Gate     Net
    Cell:in->out      fanout   Delay   Delay  Logical Name (Net Name)
    ----------------------------------------  ------------
     FD:C->Q               2   0.591   0.447  shift_7 (shift_7)
     OBUF:I->O                 4.520          LED_7_OBUF (LED<7>)
    ----------------------------------------
    Total                      5.558ns (5.111ns logic, 0.447ns route)
                                       (92.0% logic, 8.0% route)

=========================================================================


Total REAL time to Xst completion: 4.00 secs
Total CPU time to Xst completion: 3.75 secs
 
--> 


Total memory usage is 166536 kilobytes

Number of errors   :    0 (   0 filtered)
Number of warnings :    3 (   0 filtered)
Number of infos    :    1 (   0 filtered)

